{"uuid":"a36b5da3-5ae3-4620-aa4a-a22118ab5f11","name":"Scenario: User login with valid credential","children":["6e9d85e2-051f-460a-bb9d-47e89c3d07c2"],"befores":[{"name":"hooks.BaseClass.setupBrowser()","status":"passed","stage":"finished","steps":[],"attachments":[],"parameters":[],"start":1636630230319,"stop":1636630240501}],"afters":[{"name":"hooks.BaseClass.tearDown(io.cucumber.java.Scenario)","status":"broken","statusDetails":{"known":false,"muted":false,"flaky":false,"message":"AFTER is failed: javax.mail.MessagingException: IOException while sending message;\n  nested exception is:\n\tjava.io.FileNotFoundException: D:\\seasia\\project\\Framework\\src\\test\\resources\\testdata\\allure-report.zip (The system cannot find the file specified)","trace":"java.lang.RuntimeException: javax.mail.MessagingException: IOException while sending message;\n  nested exception is:\n\tjava.io.FileNotFoundException: D:\\seasia\\project\\Framework\\src\\test\\resources\\testdata\\allure-report.zip (The system cannot find the file specified)\r\n\tat utils.EmailReport.mailSetup(EmailReport.java:89)\r\n\tat utils.EmailReport.sendMail(EmailReport.java:35)\r\n\tat hooks.BaseClass.tearDown(BaseClass.java:133)\r\nCaused by: javax.mail.MessagingException: IOException while sending message;\n  nested exception is:\n\tjava.io.FileNotFoundException: D:\\seasia\\project\\Framework\\src\\test\\resources\\testdata\\allure-report.zip (The system cannot find the file specified)\r\n\tat com.sun.mail.smtp.SMTPTransport.sendMessage(SMTPTransport.java:1308)\r\n\tat javax.mail.Transport.send0(Transport.java:255)\r\n\tat javax.mail.Transport.send(Transport.java:124)\r\n\tat utils.EmailReport.mailSetup(EmailReport.java:84)\r\n\tat utils.EmailReport.sendMail(EmailReport.java:35)\r\n\tat hooks.BaseClass.tearDown(BaseClass.java:133)\r\n\tat sun.reflect.NativeMethodAccessorImpl.invoke0(Native Method)\r\n\tat sun.reflect.NativeMethodAccessorImpl.invoke(NativeMethodAccessorImpl.java:62)\r\n\tat sun.reflect.DelegatingMethodAccessorImpl.invoke(DelegatingMethodAccessorImpl.java:43)\r\n\tat java.lang.reflect.Method.invoke(Method.java:498)\r\n\tat io.cucumber.java.Invoker.doInvoke(Invoker.java:66)\r\n\tat io.cucumber.java.Invoker.invoke(Invoker.java:24)\r\n\tat io.cucumber.java.AbstractGlueDefinition.invokeMethod(AbstractGlueDefinition.java:47)\r\n\tat io.cucumber.java.JavaHookDefinition.execute(JavaHookDefinition.java:59)\r\n\tat io.cucumber.core.runner.CoreHookDefinition.execute(CoreHookDefinition.java:46)\r\n\tat io.cucumber.core.runner.HookDefinitionMatch.runStep(HookDefinitionMatch.java:21)\r\n\tat io.cucumber.core.runner.ExecutionMode$1.execute(ExecutionMode.java:10)\r\n\tat io.cucumber.core.runner.TestStep.executeStep(TestStep.java:92)\r\n\tat io.cucumber.core.runner.TestStep.run(TestStep.java:64)\r\n\tat io.cucumber.core.runner.TestCase.run(TestCase.java:110)\r\n\tat io.cucumber.core.runner.Runner.runPickle(Runner.java:73)\r\n\tat io.cucumber.junit.PickleRunners$NoStepDescriptions.run(PickleRunners.java:151)\r\n\tat io.cucumber.junit.FeatureRunner.runChild(FeatureRunner.java:135)\r\n\tat io.cucumber.junit.FeatureRunner.runChild(FeatureRunner.java:27)\r\n\tat org.junit.runners.ParentRunner$4.run(ParentRunner.java:331)\r\n\tat org.junit.runners.ParentRunner$1.schedule(ParentRunner.java:79)\r\n\tat org.junit.runners.ParentRunner.runChildren(ParentRunner.java:329)\r\n\tat org.junit.runners.ParentRunner.access$100(ParentRunner.java:66)\r\n\tat org.junit.runners.ParentRunner$2.evaluate(ParentRunner.java:293)\r\n\tat org.junit.runners.ParentRunner$3.evaluate(ParentRunner.java:306)\r\n\tat org.junit.runners.ParentRunner.run(ParentRunner.java:413)\r\n\tat io.cucumber.junit.Cucumber.runChild(Cucumber.java:200)\r\n\tat io.cucumber.junit.Cucumber.runChild(Cucumber.java:90)\r\n\tat org.junit.runners.ParentRunner$4.run(ParentRunner.java:331)\r\n\tat org.junit.runners.ParentRunner$1.schedule(ParentRunner.java:79)\r\n\tat org.junit.runners.ParentRunner.runChildren(ParentRunner.java:329)\r\n\tat org.junit.runners.ParentRunner.access$100(ParentRunner.java:66)\r\n\tat org.junit.runners.ParentRunner$2.evaluate(ParentRunner.java:293)\r\n\tat io.cucumber.junit.Cucumber$RunCucumber.evaluate(Cucumber.java:235)\r\n\tat org.junit.runners.ParentRunner$3.evaluate(ParentRunner.java:306)\r\n\tat org.junit.runners.ParentRunner.run(ParentRunner.java:413)\r\n\tat org.junit.runner.JUnitCore.run(JUnitCore.java:137)\r\n\tat com.intellij.junit4.JUnit4IdeaTestRunner.startRunnerWithArgs(JUnit4IdeaTestRunner.java:68)\r\n\tat com.intellij.rt.junit.IdeaTestRunner$Repeater.startRunnerWithArgs(IdeaTestRunner.java:33)\r\n\tat com.intellij.rt.junit.JUnitStarter.prepareStreamsAndStart(JUnitStarter.java:230)\r\n\tat com.intellij.rt.junit.JUnitStarter.main(JUnitStarter.java:58)\r\nCaused by: java.io.FileNotFoundException: D:\\seasia\\project\\Framework\\src\\test\\resources\\testdata\\allure-report.zip (The system cannot find the file specified)\r\n\tat java.io.FileInputStream.open0(Native Method)\r\n\tat java.io.FileInputStream.open(FileInputStream.java:195)\r\n\tat java.io.FileInputStream.<init>(FileInputStream.java:138)\r\n\tat javax.activation.FileDataSource.getInputStream(FileDataSource.java:97)\r\n\tat javax.activation.DataHandler.writeTo(DataHandler.java:305)\r\n\tat javax.mail.internet.MimeBodyPart.writeTo(MimeBodyPart.java:1652)\r\n\tat javax.mail.internet.MimeBodyPart.writeTo(MimeBodyPart.java:961)\r\n\tat javax.mail.internet.MimeMultipart.writeTo(MimeMultipart.java:553)\r\n\tat com.sun.mail.handlers.multipart_mixed.writeTo(multipart_mixed.java:81)\r\n\tat javax.activation.ObjectDataContentHandler.writeTo(DataHandler.java:889)\r\n\tat javax.activation.DataHandler.writeTo(DataHandler.java:317)\r\n\tat javax.mail.internet.MimeBodyPart.writeTo(MimeBodyPart.java:1652)\r\n\tat javax.mail.internet.MimeMessage.writeTo(MimeMessage.java:1850)\r\n\tat com.sun.mail.smtp.SMTPTransport.sendMessage(SMTPTransport.java:1259)\r\n\t... 45 more\r\n"},"stage":"finished","steps":[],"attachments":[],"parameters":[],"start":1636630254307,"stop":1636630261953}],"start":1636630230309,"stop":1636630261977}